Historique :

I-SIMPA v1.2.2 correction de bugs et ajouts de fonctionnalités (à partir de la v1.2.1) :

1: Remplacement des executables débugage inclus par erreur dans la version 1.2.1 par ceux de production;

I-SIMPA v1.2.1 correction de bugs et ajouts de fonctionnalités (à partir de la v1.2.0) :

1: Grille de propriété. Il est possible d'appliquer la même valeur à toute les lignes/colonnes voisines d'une cellule.
   Pour cela il faut cliquer bouton droit sur une cellule puis sur "Affecter la même valeur"->"à la colonne" ou "à la ligne";
2: Si l'on selectionne plusieurs éléments dans l'arbre et que l'on fait supprimer, il faut tous les supprimer;

I-SIMPA v1.2.0 correction de bugs et ajouts de fonctionnalités (à partir de la v1.1.10) :

1. Correction du test des messages de sortie des codes de calculs, reconnaissance de la progression même si il y a des caractères de formatage entre # et le numéro de progression.
2. Dans les paramètres de tetgen ajout de l'option de test topologique permettant de sélectionner les surfaces en intersection;
3. Amélioration de preprocess.exe . Les intersections coplanaires sont gérées. Toutefois les intersections coplanaires se recouvrant ne sont pas gérés;
4. Amélioration du chargement des modèles 3D avec textures. Celles-ci sont redimensionné afin de convenir à un maximum de carte graphiques;
5. Optimisation de la rapidité de chargement des modèles 3D complexes;
6. Lors de l'appel à "Définir la position via la vue 3D" l'outil caméra est activé;
7. Fermer une barre d'outil qui a été détachée est maintenant impossible;
8. L'option "Fusionner les surfaces coplanaires" a été retirée;
9. L'opération de remaillage de surface lors de l'importation d'une scène ne mélange plus les faces des groupes distincts (groupes du modèle non les groupes de matériaux défini par l'utilisateur);
10. Nouvel export de PLY, permettant de regrouper les faces par matériaux dans le fichier de modèle, au lieu de la conservation des groupes d'origines;
11. Tri "Natural Sort" pour les éléments du projet;
12. Ajout des paramètres acoustiques C50, C80, D50, TS, ST pour les récepteurs de surfaces;

04/10/2010 I-SIMPA v1.1.10 correction de bugs et ajouts de fonctionnalités (à partir de la v1.1.9) :

1. Prise en charge du format 3D STL;
2. Correction du mode de sélection des surfaces;
3. Déplacement de menu de la fonction "Calcul automatique des contours" vers le menu d'affichage;

I-SIMPA v1.1.9 correction de bugs et ajouts de fonctionnalités (à partir de la v1.1.9) :

1. Modification de la précision du champ de position X,Y,Z de 8 à 6 afin de ne pas afficher le problème de précision sur les nombres flottants simple précision;
2. Correction bug: I-SIMPA subissait un blocage à cause de la fermeture de la fenêtre de progression avant la fin du calcul;
3. Ajout de l'option de désactivation de la sauvegarde de l'historique de modification. Pour des raisons de performance il est conseillé de désactiver l'historique de modification au cas où le projet contient plusieurs milliers d'éléments (sources, récepteurs, matériaux utilisateurs, etc.);

12/05/2010 I-SIMPA v1.1.8 correction de bugs et ajouts de fonctionnalités (à partir de la v1.1.7) :

1. Les fichiers n'ayant pas d'extension dans le dossier de Résultats ne lèvent plus d'exception;
2. Les champs de type nombre de la feuille de propriétés peuvent évaluer les expressions écrites en Python(TM) et dont le résultat correspond au type de données du champ. L'évaluation est faite au moment de la saisie;
3. Correction d'un problème de choix dans les listes dû au module de tradution;

28/04/2010 I-SIMPA v1.1.7 correction de bugs et ajouts de fonctionnalités (à partir de la v1.1.6) :

1. Correction d'un bug important où le Lw des spectres n'est pas correctement affecté aux sources et autres objets ayant une propriété de spectre sonore. Correction de la méthode de tri des bandes de fréquences.

20/04/2010 I-SIMPA v1.1.6 correction de bugs et ajouts de fonctionnalités (à partir de la v1.1.5) :

/!\ Cette version comporte un bug important où le Lw des spectres n'est pas correctement affecté aux sources et autres objets ayant une propriété de spectre sonore.
1. L'option "Python 2.6" à l'installation de I-SIMPA est décochée si Python(TM) 2.6 est déjà installé;
2. Correction d'un bug sur les données d'information de l'aire d'un groupe de surfaces;
3. Barre de progression lors du chargement d'un nombre de faces élevé et optimisation;
4. Estimation de la mémoire vive nécessaire lors du chargement d'un fichier de particules (ou équivalent) et test de la mémoire disponible sur le système. Annulation du chargement du fichier si la mémoire disponible n'est pas suffisante.
5. Barre du contrôle de correction de modèle remplacé par un champ;
6. Ajout fonction Copier/Coller des spectres utilisateurs;
7. Remplacement des libelles "Récepteur 1" par "R01" et "Source 1" par "S01" pour que le classement alphabétique trie correctement les éléments;
8. Modification de l'icône du logiciel. La nouvelle icône a été créé avec I-SIMPA à partir d'une cartographie;
10. Calcul des paramètres acoustique. La précision des valeurs dB et dBA passent à 3 chiffres.
11. L'appel de la méthode Python(TM) lors d'un événement indique également l'indice de l'événement. Ce nouveau paramètre est optionnel, les anciens scripts n'ont donc pas à être mis à jour.
12. Ajout de la méthode ui.application.dropselectionto afin de déplacer la sélection vers un autre élément;
13. Ajout du module moveto_vertex qui permet de déplacer un ensemble de faces vers un groupe existant;
14. Correction du comportement des lignes de spectres des matériaux lors-ce que l'utilisateur active la transmission alors que l'absorption est de 0 %;
15. La fonction d'inversion des faces a été étendue jusqu'aux faces (plus seulement aux groupes);
16. Ajout de ui.application.setselection([liste de element id]) sélectionne les éléments dont l'indice est passé en paramètre;
17. Ajout du centre de rotation modifiable pour la fonction de rotation des sources/récepteurs;

22/02/2010 I-SIMPA v1.1.5 correction de bugs et ajouts de fonctionnalités (à partir de la v1.1.4) :

1. Script d'exemple d'édition de rapport de calcul SPPS (fusion des résultats des récepteurs ponctuels, distribution des niveaux sonores sur les surfaces,Paramètres acoustiques);
2. Modification des icônes de l'interface;
3. Fichiers de langue localisé par langue_pays et non par langue uniquement;
4. Modification du script d'installation. L'utilisateur choisie entre installer pour l'utilisateur uniquement ou bien tout les utilisateurs de l'ordinateur. Dans le dernier cas les droits d'administrateurs sont requis et vérifiés;
5. Support de la classe Python(TM) unicode dans les méthodes I-SIMPA portées en Python(TM) (librairie uictrl);
6. Source lumineuse avec les textures;

28/01/2010 I-SIMPA v1.1.4 correction de bugs et ajouts de fonctionnalités (à partir de la v1.1.3) :

1. Correction d'un bug dans la création du fichier .var à destination de tetgen. La contrainte d'aire de surface est maintenant bien prise en compte;
2. Import/export des calques au format PLY;
3. Amélioration de l'outil de restauration des anciens groupes lors de l'import (option "Assignation automatique des surfaces"). Il est maintenant possible de spécifier une valeur maximale de rapprochement à un groupe, de plus l'algorithme a été modifié de sorte qu'une nouvelle surface soit liée au groupe le plus proche parmi tous ceux détectés;
4. Correction d'un bug de reconnaissance des formats de fichier de matériaux .li8;
5. Temps cpu de sélection des surfaces dans la scène est diminué;
6. Le dossier par défaut lors de l'export d'un graphique, correspond à celui où se trouve la grille de données;
7. Modification de l'organisation des dossiers dans la version de distribution. Ajout du dossier SystemScript qui correspond aux données non modifiables par l'utilisateur;
8. Modification du programme d'installation. L'utilisateur doit désinstaller l'ancienne version avec d'installer la nouvelle version d'I-SIMPA;
9. L'installation de Python(TM) est livrée avec le logiciel d'installation de I-SIMPA;
10. SPPS seulement. Option "Sens de prise en compte" dans la description d'un matériau. Permet de spécifier l'effet du matériau en fonction de l'orientation des faces associées.Un surface est ignorée lors de la propagation si le matériau est définit en tant que "Unilatéral" et que la particule sonore passe du coté opposé (visible en foncé sous I-SIMPA et en blanc sous Sketch-up).

18/12/2009 I-SIMPA v1.1.3 correction de bugs et ajouts de fonctionnalités (à partir de la v1.1.2) :

1. Optimisation chargement du modèle 3D;
2. Correction de bugs sur les chargements des fichiers .3DS;
3. La réinitialisation des emplacements des fenêtres ne nécessite plus de rédémarrer le logiciel;
4. La fenêtre 3D peut être détachée de l'interface;
5. Ajout du script d'orientation automatique d'un récepteur ponctuel vers une source;

04/12/2009 I-SIMPA v1.1.2 correction de bugs et ajouts de fonctionnalités (à partir de la v1.1.1) :

1. Export vers le format CSV des données des feuilles de calcul des nombres à virgule en mode scientifique;
2. Mise à jour d'optimisation "Libsimpa": les tétraèdres sont liés aux récepteurs de coupe si ceux-ci sont en intersection;
3. Mise à jour de "Tetgen" vers la version 1.4.3, "released on September 6, 2009";
4. Rajout du raccourci F2 afin de renommer les éléments dans l'arbre;
5. Correction d'un bug lors du déplacement d'un élément vers un dossier parent au dossier de l'élément;
6. Compatibilité Vista sans avoir à exécuter I-SIMPA en mode Administrateur;
7. Ajout du script pour la rotation et la translation d'un groupe de récepteurs ponctuels;
8. Optimisation de la vitesse de sélection d'un grand nombre de surfaces coplanaires;
9. Optimisation de la rapidité de fermeture du logiciel ayant un grand nombre d'éléments dans les arbres du projet;
10. Ajout du guide de correction de modèle approximative 3D afin de pouvoir faire fonctionner tout code de calcul;
11. Mise à jour vers wxWidgets 2.9.0: passage du projet de wxWidgets ANSI vers UNICODE. Le projet peut ainsi être traduit (logiquement) dans des langages telles que le russe ou le chinois;
12. Dans la fenêtre de progression d'enregistrement et de chargement, les chemins des fichiers ne redimensionnent plus la fenêtre mais sont raccourcis en fonction de la place restante;

30/10/2009 I-SIMPA v1.1.1 correction de bugs et ajouts de fonctionnalités (à partir de la v1.1.0) :

1. Ajout du mode de caméra de translation (bouton milieu de la souris);
2. La légende des TR et EDT sur les récepteurs de surface est affichée avec des valeurs à 3 chiffres après la virgule;
3. Il est maintenant possible de lier une méthode Python(TM) sur n'importe quel élément du projet. Lors de la mise à jour de l'élément concerné les méthodes liées sont appelées;
4. Passage de compatibité OpenGl 2.0 à la version 1.4 et supérieure. Les textures des légendes sont en multiple de 2 si la carte graphique ne supporte pas l'option GL_ARB_texture_non_power_of_two;
5. Les menus popup des éléments de l'arbre peuvent maintenant contenir des icônes (Menu Python(TM) script également);
6. Amélioration du système de sélection de faces et d'extraction de niveau sonore sur les récepteurs de surface;

09/10/2009 I-SIMPA v1.1.0 correction de bugs et ajouts de fonctionnalités (à partir de la v1.0.10) :

1. Modification des paramètres de rendu du récepteur de surface (utilisation de glPolygonOffset) afin d'avoir un rendu parfait des lignes de contours d'isolignes et des lignes de construction des récepteurs de coupe;
2. Rendu des niveaux iso. Les valeurs iso sont calculées en fonction des valeurs minimales et maximales des récepteurs de surface. La fonction de lissage n'est pas implémentée;
3. Les fichiers "isimpa_conf.ini" et "isimpa_pref.xml" correspondant aux préférences de l'utilisateur vis-à-vis du logiciel I-Simpa sont placés dans le dossier de session utilisateur et ce, en fonction du système d'exploitation;
4. Correction significative du système de liste déroulante en arbre (visible dans le choix des matériaux par exemple). Maintenant le choix fonctionne parfaitement même si deux éléments de l'arbre ont le même nom;
5. Optimisation générale du logiciel. (Note dev: Remplacement du std::vector par std::list sur les fils de la classe Element et utilisation des itérateurs);
6. Si un champ de n'importe quelle grille est en cours d'édition et que l'utilisateur sort de cette grille en cliquant ailleurs par exemple, alors la nouvelle valeur est sauvegardée. Pour annuler une modification en cours d'édition il faut appuyer sur la touche échap;
7. Ajout de l'arbre de données "Préférences utilisateur" permettant de stocker des données propres à chaque utilisateur. On y trouve les préférences de l'application;
8. Les couleurs des cartographies peuvent être maintenant sélectionnées par l'utilisateur. Les profils de couleurs sont stockés au format GPL (Gimp palette) dans le dossier "I-SIMPA/Bitmaps/iso";
9. Ajout du type de propriété E_Data_Font permettant de spécifier une police de caractères via la grille;
10. La théorie classique calcule également les valeurs pour les récepteurs de surface de coupe;
11. Ajout de l'élément de préférence utilisateur "legende" afin de pouvoir spécifier La couleur du texte, du fond, de la transparence et de la police des légendes de animations des particules sonores, des récepteurs de surface et des animations des vecteurs d'intensité des récepteurs ponctuels;
12. Ajout de l'élément de préférence utilisateur "particule" (ou équivalent) afin de pouvoir spécifier la couleur des particules;
13. Correction d'un bug qui ne libérait pas la mémoire utilisée pour les codes OpenGl précompilés des animations;
14. Les fichiers PLY Binary peuvent être lus;
15. Correction du bug où les paramètres personnalisées du maillage de surface n'étaient pas pris en compte;

17/07/2009 I-SIMPA v1.0.10 correction de bugs et ajouts de fonctionnalités (à partir de la v1.0.9) :

1. Les éléments de données utilisateurs Python(TM) sont rechargés à la réouverture du projet;
2. La couleur du maillage tétraédrique correspond maintenant à la couleur définie dans l'encombrement cuboïde défini par l'utilisateur;
3. La couleur des nouveaux encombrements cuboïdes est choisie aléatoirement;
4. Ajout des icônes externes pour les éléments Python(TM);
5. Les fichiers de particules (ou équivalent) sont visibles dans l'arbre, au lieu des dossiers. Il n'est plus nécessaire de sélectionner une bande de fréquence;
6. Correction de la visualisation des particules en mode rayons;

24/06/2009 I-SIMPA v1.0.9 correction de bugs et ajouts de fonctionnalités (à partir de la v1.0.8) :

1. Ajout de la fonction "Copier vue 3D vers un fichier avec une autre résolution", permettant l'export de la vue 3D avec les dimensions définies par l'utilisateur;
2. Modification du script "source_tools" afin d'ajouter les fonctions de rotation et de translation d'un groupe de sources sonores;
3. Décocher "Utiliser cet encombrement" pour désactiver l'affichage des segments de l'encombrement dans la vue 3D;
4. Les flèches des récepteurs ponctuels ont été remplacées par des traits;
5. Amélioration de l'algorithme de conservation de groupes de surface lors de l'import d'un modèle 3D;
6. Les fichiers .finfo n'étaient pas supprimés quand l'utilisateur supprimait le groupe de surface. Ceci est maintenant corrigé;
7. La fenêtre "Propriétés" se réinitialise si la propriété a été supprimée par l'utilisateur;
8. Ajout de l'outil récepteur plan, permettant l'affichage d'une carte sonore en coupe (compatible seulement avec le code SPPS pour l'instant);
9. Correction d'un bug qui faisait qu'il n'était plus possible de visionner les récepteurs de surface lors da la création de la scène;

18/05/2009 I-SIMPA v1.0.8 correction de bugs et ajouts de fonctionnalités (à partir de la v1.0.7) :

1. Il est maintenant possible d'ajouter des données dans l'arbre grâce à la création de modules utilisateur. Cela permettra de rajouter des coeurs de calcul sans la nécessité de modifier I-SIMPA;
2. Ajout d'une fenêtre de sélection de la langue. Cette fenêtre affiche uniquement les langues disponibles dans le logiciel. L'ajout d'une nouvelle langue se fait en créant un dossier ayant un nom conforme à la norme ISO-639;
3. Un domaine ne peut être défini en tant que volume et encombrement à la fois. C'est pour cela qu'il a été ajouté à l'élément volume la fonction "Convertir en encombrement scène";
4. Passage de wxWidgets 2.8.8 à 2.8.10;
5. Redimensionnement des icônes dans la barre d'outils afin de corriger les bugs d'affichage;
6. L'inversion d'une face corrige également la position de la texture;
7. En mode vue interne, les faces internes dont la normale est tournée vers l'extérieur sont maintenant affichées;
8. Activation de la fonction "Anisotropic Texture Filtering" permettant un meilleur rendu des textures dans la vue 3D;
9. Correction de l'échelle automatique des récepteurs de surfaces. Une échelle où le niveau était inférieur à 0dB posait problème;
10. Correction du rendu des textures dans l'affichage 3D. Les textures associées à un triangle et non à un groupe de triangles sont également affichées;

15/04/2009 I-SIMPA v1.0.7 correction de bugs et ajouts de fonctionnalités (à partir de la v1.0.6) :

1. Ajout des éléments "Volumes" afin de pouvoir définir des propriétés propres à des volumes. Pour l'instant, il est possible d'imposer un libre parcours moyen aux codes de calcul (MDF) et d'imposer une couleur de rendu 3D aux mailles des volumes;
2. Correction d'un bug entraînant la suppression des animateurs désactivant l'affichage de nouvelles animations;
3. Dans les propriétés des surfaces, Idenc correspond maintenant également à un des deux volumes en contact avec cette surface, cette surface correspondant à une limite interne;
4. Pour les fichiers au format gabe n'ayant pas comme première colonne un type de chaîne de caractères, I-SIMPA place la première colonne dans le tableau au lieu du libellé;
5. Ajout de la fonction d'auto-détection des volumes composant la scène. Cette fonction permet également l'ajout des faces internes. Toutefois il faut faire attention pour les faces destinées à la transmission;
6. Ajout de la propriété "Son direct" dans l'élément "Modèle de diffusion" (code MDF). Si cette option est cochée alors le son direct sera ajouté au niveau sonore calculé par le logiciel Comsol;

20/03/2009 I-SIMPA v1.0.6 correction de bugs et ajouts de fonctionnalités (à partir de la v1.0.5) :

1. Correction de la valeur du niveau moyen dans le libellé de la légende;
2. Correction du lissage dans le rendu des récepteurs de surface;
3. Correction: le rendu 3D de l'encombrement est réactualisé lors de la mise à jour de la position via le menu "Définir la position";
4. Ajout du champ "Mode de calcul" dans le code de calcul MDF;
5. Correction du bug qui faisait que l'annulation des calculs des paramètres acoustiques n'était pas prise en compte;
6. Au premier chargement d'un récepteur de surface, ou si le niveau min-max est à 0 alors ce niveau sera celui du niveau minimum et maximum contenu dans le fichier;
7. Suppression de la propriété de l'élément SPPS core nommée particleoutputname qui n'était pas utilisée par le code de calcul SPPS;
8. Ajout de la propriété "Mode de rendu" dans le rendu des encombrements cuboïdes afin de les afficher sous forme de volumes ou bien de lignes sur les cotés du volume;
9. Correction à la construction d'un modèle, le nouveau modèle ne disparaît plus;
10. Optimisation des événements sur les éléments des arbres du projet;
11. Création de la classe part_io en C++ et le portage en Python(TM), permettant la création et la lecture des fichiers de particules visibles dans l'interface I-SIMPA;
12. Suppression des erreurs graphiques "artefacts de profondeur" lors de l'affichage des récepteurs de surface superposés aux faces du modèle. Pour avoir plus d'informations à ce sujet, consulter les mots "z depth fighting" dans un moteur de recherche;
13. Echappement des caractères % en %% sur les sorties des logiciels externes, ce caractère étant réservé au formatage des paramètres;
14. Rendu de l'intensité à partir des fichier .RPI;
15. Lors de la modification du paramètre de nombre de particules (ou équivalent) de rendu de SPPS. L'interface évalue l'espace disque requis et avertit l'utilisateur;

12/02/2009 I-SIMPA v1.0.5 correction de bugs et ajouts de fonctionnalités (à partir de la v1.0.4) :

1. Coeur de calcul MDF: exportation des récepteurs de surface finalisée;

12/02/2009 I-SIMPA v1.0.4 correction de bugs et ajouts de fonctionnalités (à partir de la v1.0.3) :

1. Ajout dans "libsimpa": rsurf_io est une classe permettant d'écrire et de lire des fichiers de récepteurs de surface. Ce type de fichier est reconnu par l'interface pour la visualisation en 3D;

11/02/2009 I-SIMPA v1.0.3 correction de bugs et ajouts de fonctionnalités (à partir de la v1.0.2) :

1. Il est maintenant possible d'exécuter plusieurs instances de l'interface;
2. Ajout de la fonction "Envoyer vers un nouveau groupe" sur les éléments de face afin de ne plus avoir à faire de "glisser/déposer" des surfaces;
3. Correction: lors de la sélection des faces, si l'utilisateur appuie sur Control (CTRL) et qu'il fait glisser la souris (drag) alors dans ce cas les faces déjà sélectionnées ne sont plus désélectionnées;
4. Ajout de la classe Python(TM) uictrl.e_file représentant un élément de l'arbre des résultats. Cette classe permet d'extraire le chemin d'accès au dossier ou au fichier de ce type d'élément;
5. Ajout de la méthode uictrl.application.getcachedir() permettant d'obtenir le chemin d'accès au dossier temporaire du projet;
6. Il est maintenant possible d'avoir un code de calcul codé en Python(TM). Ce module ne pourra pas utiliser la librairie uictrl afin d'assurer l'indépendance vis à vis de l'interface utilisateur. Il peut toutefois utiliser libsimpa afin de lire et d'écrire dans les formats d'échanges standards;
7. Le libellé des nouvelles sources et récepteurs ponctuels est affiché par défaut;

04/02/2009 I-SIMPA v1.0.2 correction de bugs et ajouts de fonctionnalités (à partir de la v1.0.1) :

1. Correction de l'affichage 3D du texte des récepteurs ponctuels;
2. Correction: au chargement du spectre d'un matériau, si l'absorption est à 1 alors la diffusion est en lecture seule;
3. Ajout des méthodes uictrl.application.register_event et uictrl.application.register_menu_manager afin d'ajouter des méthodes dynamiques (Python) dans les menus de l'application;
4. Modification: SendEvent prend comme paramètre les indices en entier pour idevent;
5. Création du premier code Python(TM) permettant d'inclure dans les menus des dossiers de résultat des récepteurs ponctuels une fonction de fusion des paramètres de calculs;
6. Au démmarage de l'application, tous les scripts Python portant le nom __ui_startup__.py sont exécutés;
7. Quand la touche Control (CTRL) est pressée à la sélection d'une face, si celle-ci est déjà sélectionnée alors elle est désélectionnée;
8. Il est possible de sélectionner et de déplacer plusieurs récepteurs ponctuels à la fois;
9. Il est possible de copier/coller des groupes de récepteurs ponctuels;
10. Correction du bug de perte de données en cas de déplacement ou de copie d'éléments;
11. Ajout des informations: nombre de sources et d'encombrements actifs;
12. Dans la fenêtre "Propriétés", il est affiché également le libellé de l'élément père;
13. Les calculs des paramètres acoustiques donnent maintenant également le niveau sonore cumulé en dBA;
14. Ajout du module Python(TM) permettant de créer une ligne de récepteurs poncutels et une ligne de sources sonores;
15. Ajout du module Python(TM) permettant de diriger un groupe de récepteurs vers un point dans l'espace;
16. Ajout du module Python(TM) permettant d'activer/désactiver un groupe de sources;
17. La valeur du rayon des récepteurs ponctuels est maintenant de 0.31 m par défaut;

28/01/2009 I-SIMPA v1.0.1 correction de bugs et ajouts de fonctionnalités (à partir de la v1.0.0) :

1. Ajout de l'option "Absorption atmosphérique forcée" permettant de spécifier cette valeur au lieu de la faire calculer par les codes de calcul;
2. Correction de l'erreur si l'icône associé à un type de fichier n'existe pas;
3. Correction des groupes de récepteurs reconnus en tant que récepteurs par les codes de calcul;
4. Correction: à la suppression d'un groupe de récepteurs ponctuels, ceux-ci n'apparaissent plus dans la vue 3D;
5. Correction: les groupes de récepteurs ponctuels et les récepteurs ponctuels peuvent subir un glissé déposé d'un groupe vers le groupe principal des récepteurs ponctuels;
6. Ajout de la fonction copier sur le texte avant le début de saisie de console via ctrl-c (prompt);
7. Ajout de la méthode getinfos() pour la classe uictrl.element en Python;
8. Ajout des paramètres à l'appel d'un évenement à partir de Python, ceci afin de spécifier ce que l'utilisateur aurait à taper dans l'interface;
9. Correction: désélection des éléments avant la sélection des éléments lors de l'appel d'un événement via uictrl.application.sendevent;
10. Ajout de la méthode "uictrl.application.getuserinput" permettant d'ouvrir une fenêtre de dialogue afin de faire saisir à l'utilisateur des données;
11. Dans l'arbre du projet (Scène,Calcul,Résultat) les touches de raccourcis Suppr, ctrl-c et ctrl-v ont été implémentées.
